<?xml version="1.0" encoding="UTF-8" ?>
<testsuite tests="23" failures="0" name="LibraryTest" time="0.03" errors="0" skipped="0">
  <properties>
[...]
</properties>
  <testcase classname="LibraryTest" name="testGetReleaseDate" time="0.014"/>
  <testcase classname="LibraryTest" name="testSetStarring" time="0"/>
  <testcase classname="LibraryTest" name="testGetPages" time="0.007"/>
  <testcase classname="LibraryTest" name="testGetStarring" time="0"/>
  <testcase classname="LibraryTest" name="testSetGenreMethod" time="0"/>
  <testcase classname="LibraryTest" name="testGetName" time="0"/>
  <testcase classname="LibraryTest" name="testSetRuntimeMethod" time="0"/>
  <testcase classname="LibraryTest" name="testSetTopicMethod" time="0.002"/>
  <testcase classname="LibraryTest" name="testGetNoOfDiscs" time="0"/>
  <testcase classname="LibraryTest" name="testSetNumberOfEpisodes1" time="0"/>
  <testcase classname="LibraryTest" name="testGetNumberOfEpisodes1" time="0"/>
  <testcase classname="LibraryTest" name="testSetAuthor" time="0"/>
  <testcase classname="LibraryTest" name="testSetReleaseDate" time="0"/>
  <testcase classname="LibraryTest" name="testSetDirectorMethod" time="0"/>
  <testcase classname="LibraryTest" name="testGetGenreMethod" time="0"/>
  <testcase classname="LibraryTest" name="testGetAuthor" time="0.001"/>
  <testcase classname="LibraryTest" name="testBorrow" time="0.002"/>
  <testcase classname="LibraryTest" name="testGetRuntimeMethod" time="0.001"/>
  <testcase classname="LibraryTest" name="testSetNoOfDiscs" time="0.003"/>
  <testcase classname="LibraryTest" name="testSetName" time="0"/>
  <testcase classname="LibraryTest" name="testGetTopicMethod" time="0"/>
  <testcase classname="LibraryTest" name="testGetDirectorMethod" time="0"/>
  <testcase classname="LibraryTest" name="testSetPages" time="0"/>
</testsuite>